<html>
<head>
<title>TestNG:  Android-EXECUTION-Device7</title>
<link href="../testng.css" rel="stylesheet" type="text/css" />
<link href="../my-testng.css" rel="stylesheet" type="text/css" />

<style type="text/css">
.log { display: none;} 
.stack-trace { display: none;} 
</style>
<script type="text/javascript">
<!--
function flip(e) {
  current = e.style.display;
  if (current == 'block') {
    e.style.display = 'none';
    return 0;
  }
  else {
    e.style.display = 'block';
    return 1;
  }
}

function toggleBox(szDivId, elem, msg1, msg2)
{
  var res = -1;  if (document.getElementById) {
    res = flip(document.getElementById(szDivId));
  }
  else if (document.all) {
    // this is the way old msie versions work
    res = flip(document.all[szDivId]);
  }
  if(elem) {
    if(res == 0) elem.innerHTML = msg1; else elem.innerHTML = msg2;
  }

}

function toggleAllBoxes() {
  if (document.getElementsByTagName) {
    d = document.getElementsByTagName('div');
    for (i = 0; i < d.length; i++) {
      if (d[i].className == 'log') {
        flip(d[i]);
      }
    }
  }
}

// -->
</script>

</head>
<body>
<h2 align='center'>Android-EXECUTION-Device7</h2><table border='1' align="center">
<tr>
<td>Tests passed/Failed/Skipped:</td><td>4/0/1</td>
</tr><tr>
<td>Started on:</td><td>Fri Jun 18 02:43:49 IST 2021</td>
</tr>
<tr><td>Total time:</td><td>100 seconds (100182 ms)</td>
</tr><tr>
<td>Included groups:</td><td></td>
</tr><tr>
<td>Excluded groups:</td><td></td>
</tr>
</table><p/>
<small><i>(Hover the method name to see the test class name)</i></small><p/>
<table width='100%' border='1' class='invocation-passed'>
<tr><td colspan='4' align='center'><b>PASSED TESTS</b></td></tr>
<tr><td><b>Test method</b></td>
<td width="30%"><b>Exception</b></td>
<td width="10%"><b>Time (seconds)</b></td>
<td><b>Instance</b></td>
</tr>
<tr>
<td title='testScripts.TestScripts.TC_001()'><b>TC_001</b><br>Test class: testScripts.TestScripts<br>Test method: Verify Interstitial screens.<br>Parameters: {Second Title Screen=Swipe to see more, First Screen Description=This is a description for myFinance App for onboarding, a simple and short sentence. See compact view all the invoices, Third Screen Title=More details for invoices, Second Screen Description=This is a description for myFinance App for onboarding, a simple and short sentence. Swipe feature., Run Mode=Yes, Third Screen Description=This is a description for myFinance App for onboarding, a simple and short sentence. More details for the invoices., Description=Verify Interstitial screens., First Title Screen=MyFinance PreProd}</td>
<td></td>
<td>12</td>
<td>testScripts.TestScripts@41c2284a</td></tr>
<tr>
<td title='testScripts.TestScripts.TC_002()'><b>TC_002</b><br>Test class: testScripts.TestScripts<br>Test method: Verify landing screens.<br>Parameters: {Description=Verify landing screen functionality, Nav 3 Text=, Top Nav 4=OFFICE, Landing Screen Title=Welcome, Top Nav 3=PORT, Top Nav 2=VESSEL, Top Nav 1=SHIPMENT, Landing Screen Sub Header=Start managing your shipments and logistics, Nav 4 Text=, Nav 1 Text=, Run Mode=Yes, Nav 2 Text=}</td>
<td></td>
<td>13</td>
<td>testScripts.TestScripts@41c2284a</td></tr>
<tr>
<td title='testScripts.TestScripts.TC_004()'><b>TC_004</b><br>Test class: testScripts.TestScripts<br>Test method: Verify login feature with invalid username.<br>Parameters: {Username=blahblahblah, Password=Maersk@1, Run Mode=Yes, Description=Verify login feature with invalid username for maerskline., Error Message=Invalid username}</td>
<td></td>
<td>17</td>
<td>testScripts.TestScripts@41c2284a</td></tr>
<tr>
<td title='testScripts.TestScripts.TC_005()'><b>TC_005</b><br>Test class: testScripts.TestScripts<br>Test method: Verify login feature with locked account.<br>Parameters: {Username=locked_account, Password=Maersk#1, Run Mode=Yes, Description=Verify login feature with invalid locked account for maerskline., Error Message=Your account is locked. Please reset your password}</td>
<td></td>
<td>16</td>
<td>testScripts.TestScripts@41c2284a</td></tr>
</table><p>
<table width='100%' border='1' class='invocation-skipped'>
<tr><td colspan='4' align='center'><b>SKIPPED TESTS</b></td></tr>
<tr><td><b>Test method</b></td>
<td width="30%"><b>Exception</b></td>
<td width="10%"><b>Time (seconds)</b></td>
<td><b>Instance</b></td>
</tr>
<tr>
<td title='testScripts.TestScripts.TC_003()'><b>TC_003</b><br>Test class: testScripts.TestScripts<br>Test method: Verify login feature with invalid password<br>Parameters: {Username=mob_user_2, Login Screen Sub Title=Login to your account, Login Screen Title=Welcome back!, Password=Maersk#, Run Mode=No, Description=Verify login feature with invalid password for maerskline., Error Message=Invalid password}</td>
<td><div><pre>org.testng.SkipException: Skipping the Test Case.... Run Mode set to &apos;No&apos;
	at testScripts.TestScripts.TC_003(TestScripts.java:203)
	at java.util.concurrent.FutureTask.run(FutureTask.java:266)
	at java.util.concurrent.ThreadPoolExecutor.runWorker(ThreadPoolExecutor.java:1149)
	at java.util.concurrent.ThreadPoolExecutor$Worker.run(ThreadPoolExecutor.java:624)
	at java.lang.Thread.run(Thread.java:748)
... Removed 16 stack frames</pre></div><a href='#' onClick='toggleBox("stack-trace327394705", this, "Click to show all stack frames", "Click to hide stack frames")'>Click to show all stack frames</a>
<div class='stack-trace' id='stack-trace327394705'><pre>org.testng.SkipException: Skipping the Test Case.... Run Mode set to &apos;No&apos;
	at testScripts.TestScripts.TC_003(TestScripts.java:203)
	at sun.reflect.NativeMethodAccessorImpl.invoke0(Native Method)
	at sun.reflect.NativeMethodAccessorImpl.invoke(NativeMethodAccessorImpl.java:62)
	at sun.reflect.DelegatingMethodAccessorImpl.invoke(DelegatingMethodAccessorImpl.java:43)
	at java.lang.reflect.Method.invoke(Method.java:498)
	at org.testng.internal.MethodInvocationHelper.invokeMethod(MethodInvocationHelper.java:124)
	at org.testng.internal.Invoker.invokeMethod(Invoker.java:583)
	at org.testng.internal.Invoker.invokeTestMethod(Invoker.java:719)
	at org.testng.internal.Invoker.invokeTestMethods(Invoker.java:989)
	at org.testng.internal.TestMethodWorker.invokeTestMethods(TestMethodWorker.java:125)
	at org.testng.internal.TestMethodWorker.run(TestMethodWorker.java:109)
	at org.testng.TestRunner.privateRun(TestRunner.java:648)
	at org.testng.TestRunner.run(TestRunner.java:505)
	at org.testng.SuiteRunner.runTest(SuiteRunner.java:455)
	at org.testng.SuiteRunner.access$000(SuiteRunner.java:40)
	at org.testng.SuiteRunner$SuiteWorker.run(SuiteRunner.java:489)
	at org.testng.internal.thread.ThreadUtil$1.call(ThreadUtil.java:52)
	at java.util.concurrent.FutureTask.run(FutureTask.java:266)
	at java.util.concurrent.ThreadPoolExecutor.runWorker(ThreadPoolExecutor.java:1149)
	at java.util.concurrent.ThreadPoolExecutor$Worker.run(ThreadPoolExecutor.java:624)
	at java.lang.Thread.run(Thread.java:748)
</pre></div></td>
<td>0</td>
<td>testScripts.TestScripts@41c2284a</td></tr>
</table><p>
</body>
</html>